Arguments: 
  /Users/taimoor/.volta/tools/image/node/14.17.1/bin/node /Users/taimoor/.volta/tools/image/yarn/1.22.10/bin/yarn.js

PATH: 
  /Users/taimoor/.volta/tools/image/npm/7.19.0/bin:/Users/taimoor/.volta/tools/image/yarn/1.22.10/bin:/Users/taimoor/.volta/tools/image/node/14.17.1/bin:/Users/taimoor/.volta/bin:/usr/local/bin:/usr/bin:/bin:/usr/sbin:/sbin:/Applications/Postgres.app/Contents/Versions/latest/bin:/Users/taimoor/.volta/bin

Yarn version: 
  1.22.10

Node version: 
  14.17.1

Platform: 
  darwin x64

Trace: 
  Error: read ETIMEDOUT
      at TLSWrap.onStreamRead (internal/stream_base_commons.js:209:20)

npm manifest: 
  {
    "name": "d3js",
    "version": "0.0.0",
    "scripts": {
      "dev": "vite",
      "build": "tsc && vite build",
      "serve": "vite preview"
    },
    "dependencies": {
      "react": "^17.0.0",
      "react-dom": "^17.0.0"
    },
    "devDependencies": {
      "@types/react": "^17.0.0",
      "@types/react-dom": "^17.0.0",
      "@vitejs/plugin-react": "^1.0.0",
      "typescript": "^4.3.2",
      "vite": "^2.6.4"
    }
  }

yarn manifest: 
  No manifest

Lockfile: 
  No lockfile
